<?xml version="1.0" encoding="UTF-8"?>
<!-- Generated by org.testng.reporters.JUnitReportReporter -->
<testsuite hostname="MSI" failures="0" tests="1" name="Test.Demoqa" time="0.055" errors="0" timestamp="2023-07-02T17:29:17 IST" skipped="0">
  <testcase classname="Test.Demoqa" name="Homepagetest" time="0.055"/>
</testsuite> <!-- Test.Demoqa -->
