<?xml version="1.0" encoding="UTF-8"?>
<!-- Generated by org.testng.reporters.JUnitReportReporter -->
<testsuite hostname="MSI" failures="0" tests="1" name="Test.Fbloginpage" time="0.166" errors="0" timestamp="2023-07-01T12:20:20 IST" skipped="0">
  <testcase classname="Test.Fbloginpage" name="fbtest" time="0.166"/>
</testsuite> <!-- Test.Fbloginpage -->
